<?xml version="1.0" encoding="UTF-8"?>
<testsuite xmlns:xsi="http://www.w3.org/2001/XMLSchema-instance" xsi:noNamespaceSchemaLocation="https://maven.apache.org/surefire/maven-surefire-plugin/xsd/surefire-test-report-3.0.xsd" version="3.0" name="TestRunner" time="25.588" tests="2" errors="0" skipped="0" failures="1">
  <properties>
    <property name="gopherProxySet" value="false"/>
    <property name="awt.toolkit" value="sun.lwawt.macosx.LWCToolkit"/>
    <property name="file.encoding.pkg" value="sun.io"/>
    <property name="java.specification.version" value="1.8"/>
    <property name="webdriver.chrome.driver" value="/Users/anisulmahmood/.cache/selenium/chromedriver/mac64/96.0.4664.45/chromedriver"/>
    <property name="sun.cpu.isalist" value=""/>
    <property name="sun.jnu.encoding" value="UTF-8"/>
    <property name="java.class.path" value="/Users/anisulmahmood/Documents/workspace/mohammad_mahmood_teladoc_challenge1/target/test-classes:/Users/anisulmahmood/Documents/workspace/mohammad_mahmood_teladoc_challenge1/target/classes:/Users/anisulmahmood/.m2/repository/org/apache/logging/log4j/log4j-core/2.14.1/log4j-core-2.14.1.jar:/Users/anisulmahmood/.m2/repository/org/apache/logging/log4j/log4j-api/2.14.1/log4j-api-2.14.1.jar:/Users/anisulmahmood/.m2/repository/org/apache/logging/log4j/log4j-slf4j-impl/2.14.1/log4j-slf4j-impl-2.14.1.jar:/Users/anisulmahmood/.m2/repository/org/slf4j/slf4j-api/1.7.25/slf4j-api-1.7.25.jar:/Users/anisulmahmood/.m2/repository/org/seleniumhq/selenium/selenium-java/3.141.59/selenium-java-3.141.59.jar:/Users/anisulmahmood/.m2/repository/org/seleniumhq/selenium/selenium-api/3.141.59/selenium-api-3.141.59.jar:/Users/anisulmahmood/.m2/repository/org/seleniumhq/selenium/selenium-chrome-driver/3.141.59/selenium-chrome-driver-3.141.59.jar:/Users/anisulmahmood/.m2/repository/org/seleniumhq/selenium/selenium-edge-driver/3.141.59/selenium-edge-driver-3.141.59.jar:/Users/anisulmahmood/.m2/repository/org/seleniumhq/selenium/selenium-firefox-driver/3.141.59/selenium-firefox-driver-3.141.59.jar:/Users/anisulmahmood/.m2/repository/org/seleniumhq/selenium/selenium-ie-driver/3.141.59/selenium-ie-driver-3.141.59.jar:/Users/anisulmahmood/.m2/repository/org/seleniumhq/selenium/selenium-opera-driver/3.141.59/selenium-opera-driver-3.141.59.jar:/Users/anisulmahmood/.m2/repository/org/seleniumhq/selenium/selenium-remote-driver/3.141.59/selenium-remote-driver-3.141.59.jar:/Users/anisulmahmood/.m2/repository/org/seleniumhq/selenium/selenium-safari-driver/3.141.59/selenium-safari-driver-3.141.59.jar:/Users/anisulmahmood/.m2/repository/org/seleniumhq/selenium/selenium-support/3.141.59/selenium-support-3.141.59.jar:/Users/anisulmahmood/.m2/repository/net/bytebuddy/byte-buddy/1.8.15/byte-buddy-1.8.15.jar:/Users/anisulmahmood/.m2/repository/org/apache/commons/commons-exec/1.3/commons-exec-1.3.jar:/Users/anisulmahmood/.m2/repository/com/google/guava/guava/25.0-jre/guava-25.0-jre.jar:/Users/anisulmahmood/.m2/repository/com/google/code/findbugs/jsr305/1.3.9/jsr305-1.3.9.jar:/Users/anisulmahmood/.m2/repository/org/checkerframework/checker-compat-qual/2.0.0/checker-compat-qual-2.0.0.jar:/Users/anisulmahmood/.m2/repository/com/google/errorprone/error_prone_annotations/2.1.3/error_prone_annotations-2.1.3.jar:/Users/anisulmahmood/.m2/repository/com/google/j2objc/j2objc-annotations/1.1/j2objc-annotations-1.1.jar:/Users/anisulmahmood/.m2/repository/org/codehaus/mojo/animal-sniffer-annotations/1.14/animal-sniffer-annotations-1.14.jar:/Users/anisulmahmood/.m2/repository/com/squareup/okhttp3/okhttp/3.11.0/okhttp-3.11.0.jar:/Users/anisulmahmood/.m2/repository/com/squareup/okio/okio/1.14.0/okio-1.14.0.jar:/Users/anisulmahmood/.m2/repository/io/cucumber/cucumber-java/6.10.0/cucumber-java-6.10.0.jar:/Users/anisulmahmood/.m2/repository/io/cucumber/cucumber-core/6.10.0/cucumber-core-6.10.0.jar:/Users/anisulmahmood/.m2/repository/io/cucumber/cucumber-gherkin/6.10.0/cucumber-gherkin-6.10.0.jar:/Users/anisulmahmood/.m2/repository/io/cucumber/cucumber-gherkin-messages/6.10.0/cucumber-gherkin-messages-6.10.0.jar:/Users/anisulmahmood/.m2/repository/io/cucumber/messages/14.0.1/messages-14.0.1.jar:/Users/anisulmahmood/.m2/repository/io/cucumber/tag-expressions/3.0.0/tag-expressions-3.0.0.jar:/Users/anisulmahmood/.m2/repository/io/cucumber/cucumber-expressions/10.3.0/cucumber-expressions-10.3.0.jar:/Users/anisulmahmood/.m2/repository/io/cucumber/datatable/3.5.0/datatable-3.5.0.jar:/Users/anisulmahmood/.m2/repository/io/cucumber/cucumber-plugin/6.10.0/cucumber-plugin-6.10.0.jar:/Users/anisulmahmood/.m2/repository/io/cucumber/docstring/6.10.0/docstring-6.10.0.jar:/Users/anisulmahmood/.m2/repository/io/cucumber/html-formatter/12.0.0/html-formatter-12.0.0.jar:/Users/anisulmahmood/.m2/repository/io/cucumber/create-meta/3.0.0/create-meta-3.0.0.jar:/Users/anisulmahmood/.m2/repository/org/apiguardian/apiguardian-api/1.1.1/apiguardian-api-1.1.1.jar:/Users/anisulmahmood/.m2/repository/io/cucumber/cucumber-testng/6.10.0/cucumber-testng-6.10.0.jar:/Users/anisulmahmood/.m2/repository/org/testng/testng/7.3.0/testng-7.3.0.jar:/Users/anisulmahmood/.m2/repository/com/beust/jcommander/1.78/jcommander-1.78.jar:/Users/anisulmahmood/.m2/repository/org/apache/ant/ant/1.10.3/ant-1.10.3.jar:/Users/anisulmahmood/.m2/repository/org/apache/ant/ant-launcher/1.10.3/ant-launcher-1.10.3.jar:/Users/anisulmahmood/.m2/repository/com/google/inject/guice/4.2.2/guice-4.2.2-no_aop.jar:/Users/anisulmahmood/.m2/repository/javax/inject/javax.inject/1/javax.inject-1.jar:/Users/anisulmahmood/.m2/repository/aopalliance/aopalliance/1.0/aopalliance-1.0.jar:/Users/anisulmahmood/.m2/repository/org/yaml/snakeyaml/1.21/snakeyaml-1.21.jar:/Users/anisulmahmood/.m2/repository/io/github/bonigarcia/webdrivermanager/4.4.1/webdrivermanager-4.4.1.jar:/Users/anisulmahmood/.m2/repository/commons-io/commons-io/2.8.0/commons-io-2.8.0.jar:/Users/anisulmahmood/.m2/repository/com/google/code/gson/gson/2.8.6/gson-2.8.6.jar:/Users/anisulmahmood/.m2/repository/org/apache/commons/commons-lang3/3.12.0/commons-lang3-3.12.0.jar:/Users/anisulmahmood/.m2/repository/org/apache/httpcomponents/client5/httpclient5/5.0.3/httpclient5-5.0.3.jar:/Users/anisulmahmood/.m2/repository/org/apache/httpcomponents/core5/httpcore5/5.0.2/httpcore5-5.0.2.jar:/Users/anisulmahmood/.m2/repository/org/apache/httpcomponents/core5/httpcore5-h2/5.0.2/httpcore5-h2-5.0.2.jar:/Users/anisulmahmood/.m2/repository/commons-codec/commons-codec/1.13/commons-codec-1.13.jar:/Users/anisulmahmood/.m2/repository/org/rauschig/jarchivelib/1.1.0/jarchivelib-1.1.0.jar:/Users/anisulmahmood/.m2/repository/org/apache/commons/commons-compress/1.20/commons-compress-1.20.jar:/Users/anisulmahmood/.m2/repository/org/jsoup/jsoup/1.13.1/jsoup-1.13.1.jar:/Users/anisulmahmood/.m2/repository/io/rest-assured/rest-assured/4.4.0/rest-assured-4.4.0.jar:/Users/anisulmahmood/.m2/repository/org/codehaus/groovy/groovy/3.0.8/groovy-3.0.8.jar:/Users/anisulmahmood/.m2/repository/org/codehaus/groovy/groovy-xml/3.0.8/groovy-xml-3.0.8.jar:/Users/anisulmahmood/.m2/repository/org/apache/httpcomponents/httpclient/4.5.13/httpclient-4.5.13.jar:/Users/anisulmahmood/.m2/repository/org/apache/httpcomponents/httpcore/4.4.13/httpcore-4.4.13.jar:/Users/anisulmahmood/.m2/repository/commons-logging/commons-logging/1.2/commons-logging-1.2.jar:/Users/anisulmahmood/.m2/repository/org/apache/httpcomponents/httpmime/4.5.13/httpmime-4.5.13.jar:/Users/anisulmahmood/.m2/repository/org/hamcrest/hamcrest/2.1/hamcrest-2.1.jar:/Users/anisulmahmood/.m2/repository/org/ccil/cowan/tagsoup/tagsoup/1.2.1/tagsoup-1.2.1.jar:/Users/anisulmahmood/.m2/repository/io/rest-assured/json-path/4.4.0/json-path-4.4.0.jar:/Users/anisulmahmood/.m2/repository/org/codehaus/groovy/groovy-json/3.0.8/groovy-json-3.0.8.jar:/Users/anisulmahmood/.m2/repository/io/rest-assured/rest-assured-common/4.4.0/rest-assured-common-4.4.0.jar:/Users/anisulmahmood/.m2/repository/io/rest-assured/xml-path/4.4.0/xml-path-4.4.0.jar:/Users/anisulmahmood/.m2/repository/jakarta/xml/bind/jakarta.xml.bind-api/2.3.3/jakarta.xml.bind-api-2.3.3.jar:/Users/anisulmahmood/.m2/repository/jakarta/activation/jakarta.activation-api/1.2.2/jakarta.activation-api-1.2.2.jar:/Users/anisulmahmood/.m2/repository/com/sun/xml/bind/jaxb-impl/2.3.3/jaxb-impl-2.3.3.jar:/Users/anisulmahmood/.m2/repository/com/googlecode/json-simple/json-simple/1.1.1/json-simple-1.1.1.jar:/Users/anisulmahmood/.m2/repository/junit/junit/4.10/junit-4.10.jar:/Users/anisulmahmood/.m2/repository/org/hamcrest/hamcrest-core/1.1/hamcrest-core-1.1.jar:"/>
    <property name="java.vm.vendor" value="Oracle Corporation"/>
    <property name="sun.arch.data.model" value="64"/>
    <property name="java.vendor.url" value="http://java.oracle.com/"/>
    <property name="user.timezone" value="America/New_York"/>
    <property name="java.vm.specification.version" value="1.8"/>
    <property name="os.name" value="Mac OS X"/>
    <property name="webdriver.chrome.silentOutput" value="true"/>
    <property name="user.country" value="BD"/>
    <property name="sun.java.launcher" value="SUN_STANDARD"/>
    <property name="sun.boot.library.path" value="/Library/Java/JavaVirtualMachines/jdk1.8.0_261.jdk/Contents/Home/jre/lib"/>
    <property name="sun.java.command" value="/Users/anisulmahmood/Documents/workspace/mohammad_mahmood_teladoc_challenge1/target/surefire/surefirebooter7781082910653318496.jar /Users/anisulmahmood/Documents/workspace/mohammad_mahmood_teladoc_challenge1/target/surefire 2021-12-10T01-34-33_157-jvmRun1 surefire6975943815759518498tmp surefire_07268190076397249766tmp"/>
    <property name="http.nonProxyHosts" value="local|*.local|169.254/16|*.169.254/16"/>
    <property name="surefire.test.class.path" value="/Users/anisulmahmood/Documents/workspace/mohammad_mahmood_teladoc_challenge1/target/test-classes:/Users/anisulmahmood/Documents/workspace/mohammad_mahmood_teladoc_challenge1/target/classes:/Users/anisulmahmood/.m2/repository/org/apache/logging/log4j/log4j-core/2.14.1/log4j-core-2.14.1.jar:/Users/anisulmahmood/.m2/repository/org/apache/logging/log4j/log4j-api/2.14.1/log4j-api-2.14.1.jar:/Users/anisulmahmood/.m2/repository/org/apache/logging/log4j/log4j-slf4j-impl/2.14.1/log4j-slf4j-impl-2.14.1.jar:/Users/anisulmahmood/.m2/repository/org/slf4j/slf4j-api/1.7.25/slf4j-api-1.7.25.jar:/Users/anisulmahmood/.m2/repository/org/seleniumhq/selenium/selenium-java/3.141.59/selenium-java-3.141.59.jar:/Users/anisulmahmood/.m2/repository/org/seleniumhq/selenium/selenium-api/3.141.59/selenium-api-3.141.59.jar:/Users/anisulmahmood/.m2/repository/org/seleniumhq/selenium/selenium-chrome-driver/3.141.59/selenium-chrome-driver-3.141.59.jar:/Users/anisulmahmood/.m2/repository/org/seleniumhq/selenium/selenium-edge-driver/3.141.59/selenium-edge-driver-3.141.59.jar:/Users/anisulmahmood/.m2/repository/org/seleniumhq/selenium/selenium-firefox-driver/3.141.59/selenium-firefox-driver-3.141.59.jar:/Users/anisulmahmood/.m2/repository/org/seleniumhq/selenium/selenium-ie-driver/3.141.59/selenium-ie-driver-3.141.59.jar:/Users/anisulmahmood/.m2/repository/org/seleniumhq/selenium/selenium-opera-driver/3.141.59/selenium-opera-driver-3.141.59.jar:/Users/anisulmahmood/.m2/repository/org/seleniumhq/selenium/selenium-remote-driver/3.141.59/selenium-remote-driver-3.141.59.jar:/Users/anisulmahmood/.m2/repository/org/seleniumhq/selenium/selenium-safari-driver/3.141.59/selenium-safari-driver-3.141.59.jar:/Users/anisulmahmood/.m2/repository/org/seleniumhq/selenium/selenium-support/3.141.59/selenium-support-3.141.59.jar:/Users/anisulmahmood/.m2/repository/net/bytebuddy/byte-buddy/1.8.15/byte-buddy-1.8.15.jar:/Users/anisulmahmood/.m2/repository/org/apache/commons/commons-exec/1.3/commons-exec-1.3.jar:/Users/anisulmahmood/.m2/repository/com/google/guava/guava/25.0-jre/guava-25.0-jre.jar:/Users/anisulmahmood/.m2/repository/com/google/code/findbugs/jsr305/1.3.9/jsr305-1.3.9.jar:/Users/anisulmahmood/.m2/repository/org/checkerframework/checker-compat-qual/2.0.0/checker-compat-qual-2.0.0.jar:/Users/anisulmahmood/.m2/repository/com/google/errorprone/error_prone_annotations/2.1.3/error_prone_annotations-2.1.3.jar:/Users/anisulmahmood/.m2/repository/com/google/j2objc/j2objc-annotations/1.1/j2objc-annotations-1.1.jar:/Users/anisulmahmood/.m2/repository/org/codehaus/mojo/animal-sniffer-annotations/1.14/animal-sniffer-annotations-1.14.jar:/Users/anisulmahmood/.m2/repository/com/squareup/okhttp3/okhttp/3.11.0/okhttp-3.11.0.jar:/Users/anisulmahmood/.m2/repository/com/squareup/okio/okio/1.14.0/okio-1.14.0.jar:/Users/anisulmahmood/.m2/repository/io/cucumber/cucumber-java/6.10.0/cucumber-java-6.10.0.jar:/Users/anisulmahmood/.m2/repository/io/cucumber/cucumber-core/6.10.0/cucumber-core-6.10.0.jar:/Users/anisulmahmood/.m2/repository/io/cucumber/cucumber-gherkin/6.10.0/cucumber-gherkin-6.10.0.jar:/Users/anisulmahmood/.m2/repository/io/cucumber/cucumber-gherkin-messages/6.10.0/cucumber-gherkin-messages-6.10.0.jar:/Users/anisulmahmood/.m2/repository/io/cucumber/messages/14.0.1/messages-14.0.1.jar:/Users/anisulmahmood/.m2/repository/io/cucumber/tag-expressions/3.0.0/tag-expressions-3.0.0.jar:/Users/anisulmahmood/.m2/repository/io/cucumber/cucumber-expressions/10.3.0/cucumber-expressions-10.3.0.jar:/Users/anisulmahmood/.m2/repository/io/cucumber/datatable/3.5.0/datatable-3.5.0.jar:/Users/anisulmahmood/.m2/repository/io/cucumber/cucumber-plugin/6.10.0/cucumber-plugin-6.10.0.jar:/Users/anisulmahmood/.m2/repository/io/cucumber/docstring/6.10.0/docstring-6.10.0.jar:/Users/anisulmahmood/.m2/repository/io/cucumber/html-formatter/12.0.0/html-formatter-12.0.0.jar:/Users/anisulmahmood/.m2/repository/io/cucumber/create-meta/3.0.0/create-meta-3.0.0.jar:/Users/anisulmahmood/.m2/repository/org/apiguardian/apiguardian-api/1.1.1/apiguardian-api-1.1.1.jar:/Users/anisulmahmood/.m2/repository/io/cucumber/cucumber-testng/6.10.0/cucumber-testng-6.10.0.jar:/Users/anisulmahmood/.m2/repository/org/testng/testng/7.3.0/testng-7.3.0.jar:/Users/anisulmahmood/.m2/repository/com/beust/jcommander/1.78/jcommander-1.78.jar:/Users/anisulmahmood/.m2/repository/org/apache/ant/ant/1.10.3/ant-1.10.3.jar:/Users/anisulmahmood/.m2/repository/org/apache/ant/ant-launcher/1.10.3/ant-launcher-1.10.3.jar:/Users/anisulmahmood/.m2/repository/com/google/inject/guice/4.2.2/guice-4.2.2-no_aop.jar:/Users/anisulmahmood/.m2/repository/javax/inject/javax.inject/1/javax.inject-1.jar:/Users/anisulmahmood/.m2/repository/aopalliance/aopalliance/1.0/aopalliance-1.0.jar:/Users/anisulmahmood/.m2/repository/org/yaml/snakeyaml/1.21/snakeyaml-1.21.jar:/Users/anisulmahmood/.m2/repository/io/github/bonigarcia/webdrivermanager/4.4.1/webdrivermanager-4.4.1.jar:/Users/anisulmahmood/.m2/repository/commons-io/commons-io/2.8.0/commons-io-2.8.0.jar:/Users/anisulmahmood/.m2/repository/com/google/code/gson/gson/2.8.6/gson-2.8.6.jar:/Users/anisulmahmood/.m2/repository/org/apache/commons/commons-lang3/3.12.0/commons-lang3-3.12.0.jar:/Users/anisulmahmood/.m2/repository/org/apache/httpcomponents/client5/httpclient5/5.0.3/httpclient5-5.0.3.jar:/Users/anisulmahmood/.m2/repository/org/apache/httpcomponents/core5/httpcore5/5.0.2/httpcore5-5.0.2.jar:/Users/anisulmahmood/.m2/repository/org/apache/httpcomponents/core5/httpcore5-h2/5.0.2/httpcore5-h2-5.0.2.jar:/Users/anisulmahmood/.m2/repository/commons-codec/commons-codec/1.13/commons-codec-1.13.jar:/Users/anisulmahmood/.m2/repository/org/rauschig/jarchivelib/1.1.0/jarchivelib-1.1.0.jar:/Users/anisulmahmood/.m2/repository/org/apache/commons/commons-compress/1.20/commons-compress-1.20.jar:/Users/anisulmahmood/.m2/repository/org/jsoup/jsoup/1.13.1/jsoup-1.13.1.jar:/Users/anisulmahmood/.m2/repository/io/rest-assured/rest-assured/4.4.0/rest-assured-4.4.0.jar:/Users/anisulmahmood/.m2/repository/org/codehaus/groovy/groovy/3.0.8/groovy-3.0.8.jar:/Users/anisulmahmood/.m2/repository/org/codehaus/groovy/groovy-xml/3.0.8/groovy-xml-3.0.8.jar:/Users/anisulmahmood/.m2/repository/org/apache/httpcomponents/httpclient/4.5.13/httpclient-4.5.13.jar:/Users/anisulmahmood/.m2/repository/org/apache/httpcomponents/httpcore/4.4.13/httpcore-4.4.13.jar:/Users/anisulmahmood/.m2/repository/commons-logging/commons-logging/1.2/commons-logging-1.2.jar:/Users/anisulmahmood/.m2/repository/org/apache/httpcomponents/httpmime/4.5.13/httpmime-4.5.13.jar:/Users/anisulmahmood/.m2/repository/org/hamcrest/hamcrest/2.1/hamcrest-2.1.jar:/Users/anisulmahmood/.m2/repository/org/ccil/cowan/tagsoup/tagsoup/1.2.1/tagsoup-1.2.1.jar:/Users/anisulmahmood/.m2/repository/io/rest-assured/json-path/4.4.0/json-path-4.4.0.jar:/Users/anisulmahmood/.m2/repository/org/codehaus/groovy/groovy-json/3.0.8/groovy-json-3.0.8.jar:/Users/anisulmahmood/.m2/repository/io/rest-assured/rest-assured-common/4.4.0/rest-assured-common-4.4.0.jar:/Users/anisulmahmood/.m2/repository/io/rest-assured/xml-path/4.4.0/xml-path-4.4.0.jar:/Users/anisulmahmood/.m2/repository/jakarta/xml/bind/jakarta.xml.bind-api/2.3.3/jakarta.xml.bind-api-2.3.3.jar:/Users/anisulmahmood/.m2/repository/jakarta/activation/jakarta.activation-api/1.2.2/jakarta.activation-api-1.2.2.jar:/Users/anisulmahmood/.m2/repository/com/sun/xml/bind/jaxb-impl/2.3.3/jaxb-impl-2.3.3.jar:/Users/anisulmahmood/.m2/repository/com/googlecode/json-simple/json-simple/1.1.1/json-simple-1.1.1.jar:/Users/anisulmahmood/.m2/repository/junit/junit/4.10/junit-4.10.jar:/Users/anisulmahmood/.m2/repository/org/hamcrest/hamcrest-core/1.1/hamcrest-core-1.1.jar:"/>
    <property name="sun.cpu.endian" value="little"/>
    <property name="user.home" value="/Users/anisulmahmood"/>
    <property name="user.language" value="en"/>
    <property name="java.specification.vendor" value="Oracle Corporation"/>
    <property name="java.home" value="/Library/Java/JavaVirtualMachines/jdk1.8.0_261.jdk/Contents/Home/jre"/>
    <property name="basedir" value="/Users/anisulmahmood/Documents/workspace/mohammad_mahmood_teladoc_challenge1"/>
    <property name="file.separator" value="/"/>
    <property name="line.separator" value="&#10;"/>
    <property name="java.vm.specification.vendor" value="Oracle Corporation"/>
    <property name="java.specification.name" value="Java Platform API Specification"/>
    <property name="java.awt.graphicsenv" value="sun.awt.CGraphicsEnvironment"/>
    <property name="surefire.real.class.path" value="/Users/anisulmahmood/Documents/workspace/mohammad_mahmood_teladoc_challenge1/target/surefire/surefirebooter7781082910653318496.jar"/>
    <property name="sun.boot.class.path" value="/Library/Java/JavaVirtualMachines/jdk1.8.0_261.jdk/Contents/Home/jre/lib/resources.jar:/Library/Java/JavaVirtualMachines/jdk1.8.0_261.jdk/Contents/Home/jre/lib/rt.jar:/Library/Java/JavaVirtualMachines/jdk1.8.0_261.jdk/Contents/Home/jre/lib/sunrsasign.jar:/Library/Java/JavaVirtualMachines/jdk1.8.0_261.jdk/Contents/Home/jre/lib/jsse.jar:/Library/Java/JavaVirtualMachines/jdk1.8.0_261.jdk/Contents/Home/jre/lib/jce.jar:/Library/Java/JavaVirtualMachines/jdk1.8.0_261.jdk/Contents/Home/jre/lib/charsets.jar:/Library/Java/JavaVirtualMachines/jdk1.8.0_261.jdk/Contents/Home/jre/lib/jfr.jar:/Library/Java/JavaVirtualMachines/jdk1.8.0_261.jdk/Contents/Home/jre/classes"/>
    <property name="sun.management.compiler" value="HotSpot 64-Bit Tiered Compilers"/>
    <property name="ftp.nonProxyHosts" value="local|*.local|169.254/16|*.169.254/16"/>
    <property name="java.runtime.version" value="1.8.0_261-b12"/>
    <property name="user.name" value="anisulmahmood"/>
    <property name="path.separator" value=":"/>
    <property name="os.version" value="10.13.6"/>
    <property name="java.endorsed.dirs" value="/Library/Java/JavaVirtualMachines/jdk1.8.0_261.jdk/Contents/Home/jre/lib/endorsed"/>
    <property name="java.runtime.name" value="Java(TM) SE Runtime Environment"/>
    <property name="file.encoding" value="UTF-8"/>
    <property name="java.vm.name" value="Java HotSpot(TM) 64-Bit Server VM"/>
    <property name="localRepository" value="/Users/anisulmahmood/.m2/repository"/>
    <property name="java.vendor.url.bug" value="http://bugreport.sun.com/bugreport/"/>
    <property name="java.io.tmpdir" value="/var/folders/h5/479mp7j52d9f4jhcpvbyk5sc0000gn/T/"/>
    <property name="idea.version" value="2020.2.4"/>
    <property name="java.version" value="1.8.0_261"/>
    <property name="user.dir" value="/Users/anisulmahmood/Documents/workspace/mohammad_mahmood_teladoc_challenge1"/>
    <property name="os.arch" value="x86_64"/>
    <property name="java.vm.specification.name" value="Java Virtual Machine Specification"/>
    <property name="java.awt.printerjob" value="sun.lwawt.macosx.CPrinterJob"/>
    <property name="sun.os.patch.level" value="unknown"/>
    <property name="java.library.path" value="/Users/anisulmahmood/Library/Java/Extensions:/Library/Java/Extensions:/Network/Library/Java/Extensions:/System/Library/Java/Extensions:/usr/lib/java:."/>
    <property name="java.vm.info" value="mixed mode"/>
    <property name="java.vendor" value="Oracle Corporation"/>
    <property name="java.vm.version" value="25.261-b12"/>
    <property name="java.ext.dirs" value="/Users/anisulmahmood/Library/Java/Extensions:/Library/Java/JavaVirtualMachines/jdk1.8.0_261.jdk/Contents/Home/jre/lib/ext:/Library/Java/Extensions:/Network/Library/Java/Extensions:/System/Library/Java/Extensions:/usr/lib/java"/>
    <property name="sun.io.unicode.encoding" value="UnicodeBig"/>
    <property name="java.class.version" value="52.0"/>
    <property name="socksNonProxyHosts" value="local|*.local|169.254/16|*.169.254/16"/>
  </properties>
  <testcase name="runScenario[&quot;Add a user and validate the user has been added to the table&quot;, &quot;Optional[To do list]&quot;](1)" classname="TestRunner" time="11.974">
    <failure message="The step &apos;I enter  &quot;email&quot; as &quot;Strange.test@testmail.com&quot;&apos; is undefined.&#10;You can implement this step using the snippet(s) below:&#10;&#10;@When(&quot;I enter  {string} as {string}&quot;)&#10;public void i_enter_as(String string, String string2) {&#10;    // Write code here that turns the phrase above into concrete actions&#10;    throw new io.cucumber.java.PendingException();&#10;}&#10;" type="io.cucumber.testng.UndefinedStepException"><![CDATA[io.cucumber.testng.UndefinedStepException: 
The step 'I enter  "email" as "Strange.test@testmail.com"' is undefined.
You can implement this step using the snippet(s) below:

@When("I enter  {string} as {string}")
public void i_enter_as(String string, String string2) {
    // Write code here that turns the phrase above into concrete actions
    throw new io.cucumber.java.PendingException();
}

]]></failure>
    <system-out><![CDATA[
@ProtractorPractice @AddUser @TC_001
Scenario: Add a user and validate the user has been added to the table               # src/test/java/features/todo/Tests.feature:7
  Given I am on Protractor Practice website home page                                # stepDef.StepDef.i_am_on_protractor_practice_website_home_page()
  When I click on "Add User" Button                                                  # stepDef.StepDef.i_click_on_button(java.lang.String)
  And I enter "First Name" as "TestFirst"                                            # stepDef.StepDef.i_enter_as(java.lang.String,java.lang.String)
  And I enter "Last Name" as "TestLast"                                              # stepDef.StepDef.i_enter_as(java.lang.String,java.lang.String)
  And I enter "User Name" as "TestUser"                                              # stepDef.StepDef.i_enter_as(java.lang.String,java.lang.String)
  And I enter "Password" as "Test1234"                                               # stepDef.StepDef.i_enter_as(java.lang.String,java.lang.String)
  And I select "company AAA" radio button                                            # stepDef.StepDef.i_select(java.lang.String)
  And I select role as "Admin"                                                       # stepDef.StepDef.i_select_role_as(java.lang.String)
  And I enter  "email" as "Strange.test@testmail.com"                                # null
  And I enter "Cell Phone" as "9876543210"                                           # stepDef.StepDef.i_enter_as(java.lang.String,java.lang.String)
  And I click on "Save" Button                                                       # stepDef.StepDef.i_click_on_button(java.lang.String)
  Then I should see user with "Strange.test@testmail.com" email is added to the list # stepDef.StepDef.i_should_be_able_to_see_the_new_user_added_to_the_list(java.lang.String)
]]></system-out>
    <system-err><![CDATA[ChromeDriver was started successfully.
Dec 10, 2021 1:34:43 AM org.openqa.selenium.remote.ProtocolHandshake createSession
INFO: Detected dialect: W3C
]]></system-err>
  </testcase>
  <testcase name="runScenario[&quot;Delete user User Name: novak and validate user has been delete&quot;, &quot;Optional[To do list]&quot;](2)" classname="TestRunner" time="11.203">
    <system-out><![CDATA[
@ProtractorPractice @TC_002 @DeleteUser
Scenario: Delete user User Name: novak and validate user has been delete # src/test/java/features/todo/Tests.feature:21
  Given I am on Protractor Practice website home page                    # stepDef.StepDef.i_am_on_protractor_practice_website_home_page()
  When I delete user with name "novak"                                   # stepDef.StepDef.i_delete_user_with_name(java.lang.String)
  And I click ok on confirmation pup up                                  # stepDef.StepDef.i_click_ok_on_confirmation_pup_up()
  Then I do not see "novak" in the user list                             # stepDef.StepDef.i_do_not_see_in_the_user_list(java.lang.String)
]]></system-out>
    <system-err><![CDATA[ChromeDriver was started successfully.
Dec 10, 2021 1:34:50 AM org.openqa.selenium.remote.ProtocolHandshake createSession
INFO: Detected dialect: W3C
]]></system-err>
  </testcase>
</testsuite>