<?xml version="1.0" encoding="UTF-8"?>
<!-- Generated by org.testng.reporters.JUnitReportReporter -->
<testsuite hostname="DESKTOP-RIBT87O" failures="0" tests="13" name="TestRunner" time="71.321" errors="0" timestamp="2021-10-10T19:26:14 MYT" skipped="0">
  <testcase classname="TestRunner" name="runScenario" time="0.820"/>
  <system-out/>
  <testcase classname="TestRunner" name="runScenario" time="7.512"/>
  <system-out/>
  <testcase classname="TestRunner" name="runScenario" time="12.648"/>
  <system-out/>
  <testcase classname="TestRunner" name="runScenario" time="3.515"/>
  <system-out/>
  <testcase classname="TestRunner" name="runScenario" time="7.974"/>
  <system-out/>
  <testcase classname="TestRunner" name="runScenario" time="0.880"/>
  <system-out/>
  <testcase classname="TestRunner" name="runScenario" time="1.690"/>
  <system-out/>
  <testcase classname="TestRunner" name="runScenario" time="9.158"/>
  <system-out/>
  <testcase classname="TestRunner" name="runScenario" time="10.150"/>
  <system-out/>
  <testcase classname="TestRunner" name="runScenario" time="0.739"/>
  <system-out/>
  <testcase classname="TestRunner" name="runScenario" time="0.802"/>
  <system-out/>
  <testcase classname="TestRunner" name="runScenario" time="7.580"/>
  <system-out/>
  <testcase classname="TestRunner" name="runScenario" time="7.853"/>
  <system-out/>
</testsuite> <!-- TestRunner -->
